<?xml version="1.0" encoding="UTF-8"?>
<testsuite xmlns:xsi="http://www.w3.org/2001/XMLSchema-instance" xsi:noNamespaceSchemaLocation="https://maven.apache.org/surefire/maven-surefire-plugin/xsd/surefire-test-report-3.0.xsd" version="3.0" name="com.politecnics.football.service.DataLoadServiceTest" time="26.234" tests="1" errors="0" skipped="0" failures="0">
  <properties>
[...]
</properties>
  <testcase name="testDataLoading" classname="com.politecnics.football.service.DataLoadServiceTest" time="1.708">
    <system-out><![CDATA[12:04:49.834 [main] INFO org.springframework.test.context.support.AnnotationConfigContextLoaderUtils -- Could not detect default configuration classes for test class [com.politecnics.football.service.DataLoadServiceTest]: DataLoadServiceTest does not declare any static, non-private, non-final, nested classes annotated with @Configuration.
12:04:50.314 [main] INFO org.springframework.boot.test.context.SpringBootTestContextBootstrapper -- Found @SpringBootConfiguration com.politecnics.football.FootballManagerApplication for test class com.politecnics.football.service.DataLoadServiceTest

  .   ____          _            __ _ _
 /\\ / ___'_ __ _ _(_)_ __  __ _ \ \ \ \
( ( )\___ | '_ | '_| | '_ \/ _` | \ \ \ \
 \\/  ___)| |_)| | | | | || (_| |  ) ) ) )
  '  |____| .__|_| |_|_| |_\__, | / / / /
 =========|_|==============|___/=/_/_/_/
 :: Spring Boot ::                (v3.2.2)

2026-02-18T12:04:51.903+01:00  INFO 3688 --- [football-manager-api] [           main] c.p.f.service.DataLoadServiceTest        : Starting DataLoadServiceTest using Java 17.0.10 with PID 3688 (started by CEP-MATI in C:\Users\CEP-MATI\Documents\GitHub\futbol_manager\football-manager-api)
2026-02-18T12:04:51.908+01:00 DEBUG 3688 --- [football-manager-api] [           main] c.p.f.service.DataLoadServiceTest        : Running with Spring Boot v3.2.2, Spring v6.1.3
2026-02-18T12:04:51.909+01:00  INFO 3688 --- [football-manager-api] [           main] c.p.f.service.DataLoadServiceTest        : The following 1 profile is active: "test"
2026-02-18T12:04:54.168+01:00  INFO 3688 --- [football-manager-api] [           main] .s.d.r.c.RepositoryConfigurationDelegate : Bootstrapping Spring Data JPA repositories in DEFAULT mode.
2026-02-18T12:04:54.398+01:00  INFO 3688 --- [football-manager-api] [           main] .s.d.r.c.RepositoryConfigurationDelegate : Finished Spring Data repository scanning in 206 ms. Found 8 JPA repository interfaces.
2026-02-18T12:04:57.008+01:00  INFO 3688 --- [football-manager-api] [           main] o.hibernate.jpa.internal.util.LogHelper  : HHH000204: Processing PersistenceUnitInfo [name: default]
2026-02-18T12:04:57.249+01:00  INFO 3688 --- [football-manager-api] [           main] org.hibernate.Version                    : HHH000412: Hibernate ORM core version 6.4.1.Final
2026-02-18T12:04:57.477+01:00  INFO 3688 --- [football-manager-api] [           main] o.h.c.internal.RegionFactoryInitiator    : HHH000026: Second-level cache disabled
2026-02-18T12:04:59.044+01:00  INFO 3688 --- [football-manager-api] [           main] o.s.o.j.p.SpringPersistenceUnitInfo      : No LoadTimeWeaver setup: ignoring JPA class transformer
2026-02-18T12:04:59.139+01:00  INFO 3688 --- [football-manager-api] [           main] com.zaxxer.hikari.HikariDataSource       : HikariPool-1 - Starting...
2026-02-18T12:04:59.868+01:00  INFO 3688 --- [football-manager-api] [           main] com.zaxxer.hikari.pool.HikariPool        : HikariPool-1 - Added connection conn0: url=jdbc:h2:mem:football_manager user=SA
2026-02-18T12:04:59.877+01:00  INFO 3688 --- [football-manager-api] [           main] com.zaxxer.hikari.HikariDataSource       : HikariPool-1 - Start completed.
2026-02-18T12:04:59.959+01:00  WARN 3688 --- [football-manager-api] [           main] org.hibernate.orm.deprecation            : HHH90000025: H2Dialect does not need to be specified explicitly using 'hibernate.dialect' (remove the property setting and it will be selected by default)
2026-02-18T12:05:03.554+01:00  INFO 3688 --- [football-manager-api] [           main] o.h.e.t.j.p.i.JtaPlatformInitiator       : HHH000489: No JTA platform available (set 'hibernate.transaction.jta.platform' to enable JTA platform integration)
2026-02-18T12:05:03.824+01:00  INFO 3688 --- [football-manager-api] [           main] j.LocalContainerEntityManagerFactoryBean : Initialized JPA EntityManagerFactory for persistence unit 'default'
Loading LaLiga data from JSON...
LaLiga data loaded successfully!
2026-02-18T12:05:07.973+01:00  WARN 3688 --- [football-manager-api] [           main] JpaBaseConfiguration$JpaWebConfiguration : spring.jpa.open-in-view is enabled by default. Therefore, database queries may be performed during view rendering. Explicitly configure spring.jpa.open-in-view to disable this warning
2026-02-18T12:05:08.052+01:00  WARN 3688 --- [football-manager-api] [           main] .s.s.UserDetailsServiceAutoConfiguration : 

Using generated security password: d7563029-0123-4182-8c7f-091999f251e6

This generated password is for development use only. Your security configuration must be updated before running your application in production.

2026-02-18T12:05:09.554+01:00  INFO 3688 --- [football-manager-api] [           main] o.s.s.web.DefaultSecurityFilterChain     : Will secure any request with [org.springframework.security.web.session.DisableEncodeUrlFilter@5935ade6, org.springframework.security.web.context.request.async.WebAsyncManagerIntegrationFilter@72187492, org.springframework.security.web.context.SecurityContextHolderFilter@45e6f47a, org.springframework.security.web.header.HeaderWriterFilter@286f8e90, org.springframework.web.filter.CorsFilter@3ba55a6b, org.springframework.security.web.authentication.logout.LogoutFilter@6b989889, org.springframework.security.web.savedrequest.RequestCacheAwareFilter@7585531b, org.springframework.security.web.servletapi.SecurityContextHolderAwareRequestFilter@7fbe0f64, org.springframework.security.web.authentication.AnonymousAuthenticationFilter@5b20024b, org.springframework.security.web.access.ExceptionTranslationFilter@2265a052, org.springframework.security.web.access.intercept.AuthorizationFilter@54d3b4fe]
2026-02-18T12:05:10.984+01:00  INFO 3688 --- [football-manager-api] [           main] c.p.f.service.DataLoadServiceTest        : Started DataLoadServiceTest in 20.06 seconds (process running for 24.349)
2026-02-18T12:05:11.028+01:00  INFO 3688 --- [football-manager-api] [           main] c.p.football.config.DataSeeder           : Sembrando datos iniciales en H2...
2026-02-18T12:05:12.235+01:00  INFO 3688 --- [football-manager-api] [           main] c.p.football.config.DataSeeder           : Equipos creados. Generando calendario...
2026-02-18T12:05:13.543+01:00  INFO 3688 --- [football-manager-api] [           main] c.p.football.config.DataSeeder           : Generando Agentes Libres (Mercado)...
2026-02-18T12:05:13.624+01:00  INFO 3688 --- [football-manager-api] [           main] c.p.football.config.DataSeeder           : Datos sembrados correctamente!
Teams loaded: 4
Players loaded: 44
]]></system-out>
  </testcase>
</testsuite>